c:\users\mario\documents\visual studio 2022\projects\openglcourseapp\opengl_project\openglcourseapp\x64\release\vc143.pdb
c:\users\mario\documents\visual studio 2022\projects\openglcourseapp\opengl_project\openglcourseapp\x64\release\window.obj
c:\users\mario\documents\visual studio 2022\projects\openglcourseapp\opengl_project\openglcourseapp\x64\release\texture.obj
c:\users\mario\documents\visual studio 2022\projects\openglcourseapp\opengl_project\openglcourseapp\x64\release\spotlight.obj
c:\users\mario\documents\visual studio 2022\projects\openglcourseapp\opengl_project\openglcourseapp\x64\release\shader.obj
c:\users\mario\documents\visual studio 2022\projects\openglcourseapp\opengl_project\openglcourseapp\x64\release\pointlight.obj
c:\users\mario\documents\visual studio 2022\projects\openglcourseapp\opengl_project\openglcourseapp\x64\release\mesh.obj
c:\users\mario\documents\visual studio 2022\projects\openglcourseapp\opengl_project\openglcourseapp\x64\release\material.obj
c:\users\mario\documents\visual studio 2022\projects\openglcourseapp\opengl_project\openglcourseapp\x64\release\main.obj
c:\users\mario\documents\visual studio 2022\projects\openglcourseapp\opengl_project\openglcourseapp\x64\release\light.obj
c:\users\mario\documents\visual studio 2022\projects\openglcourseapp\opengl_project\openglcourseapp\x64\release\directionallight.obj
c:\users\mario\documents\visual studio 2022\projects\openglcourseapp\opengl_project\openglcourseapp\x64\release\camera.obj
c:\users\mario\documents\visual studio 2022\projects\openglcourseapp\opengl_project\x64\release\openglcourseapp.exe
c:\users\mario\documents\visual studio 2022\projects\openglcourseapp\opengl_project\x64\release\openglcourseapp.pdb
c:\users\mario\documents\visual studio 2022\projects\openglcourseapp\opengl_project\openglcourseapp\x64\release\openglcourseapp.ipdb
c:\users\mario\documents\visual studio 2022\projects\openglcourseapp\opengl_project\openglcourseapp\x64\release\openglcourseapp.iobj
c:\users\mario\documents\visual studio 2022\projects\openglcourseapp\opengl_project\openglcourseapp\x64\release\openglcourseapp.tlog\cl.command.1.tlog
c:\users\mario\documents\visual studio 2022\projects\openglcourseapp\opengl_project\openglcourseapp\x64\release\openglcourseapp.tlog\cl.items.tlog
c:\users\mario\documents\visual studio 2022\projects\openglcourseapp\opengl_project\openglcourseapp\x64\release\openglcourseapp.tlog\cl.read.1.tlog
c:\users\mario\documents\visual studio 2022\projects\openglcourseapp\opengl_project\openglcourseapp\x64\release\openglcourseapp.tlog\cl.write.1.tlog
c:\users\mario\documents\visual studio 2022\projects\openglcourseapp\opengl_project\openglcourseapp\x64\release\openglcourseapp.tlog\link.command.1.tlog
c:\users\mario\documents\visual studio 2022\projects\openglcourseapp\opengl_project\openglcourseapp\x64\release\openglcourseapp.tlog\link.read.1.tlog
c:\users\mario\documents\visual studio 2022\projects\openglcourseapp\opengl_project\openglcourseapp\x64\release\openglcourseapp.tlog\link.secondary.1.tlog
c:\users\mario\documents\visual studio 2022\projects\openglcourseapp\opengl_project\openglcourseapp\x64\release\openglcourseapp.tlog\link.write.1.tlog
